[ 2015-08-01T15:51:36+08:00 ] ::1 /Mirai/
INFO: [ app_init ] --START--
INFO: Run Behavior\BuildLiteBehavior [ RunTime:0.000020s ]
INFO: [ app_init ] --END-- [ RunTime:0.012222s ]
INFO: [ app_begin ] --START--
INFO: Run Behavior\ReadHtmlCacheBehavior [ RunTime:0.008048s ]
INFO: [ app_begin ] --END-- [ RunTime:0.008122s ]
SQL: SHOW COLUMNS FROM `data` [ RunTime:0.0058s ]
SQL: SELECT COUNT(*) AS tp_count FROM `data` LIMIT 1   [ RunTime:0.0005s ]
INFO: [ view_parse ] --START--
INFO: Run Behavior\ParseTemplateBehavior [ RunTime:0.001293s ]
INFO: [ view_parse ] --END-- [ RunTime:0.001358s ]
INFO: [ view_filter ] --START--
INFO: Run Behavior\WriteHtmlCacheBehavior [ RunTime:0.024523s ]
INFO: [ view_filter ] --END-- [ RunTime:0.024594s ]
INFO: [ app_end ] --START--
INFO: Run Behavior\ShowPageTraceBehavior [ RunTime:0.012924s ]
INFO: [ app_end ] --END-- [ RunTime:0.013011s ]

[ 2015-08-01T15:52:16+08:00 ] ::1 /Mirai/Home/Example/Example
INFO: [ app_init ] --START--
INFO: Run Behavior\BuildLiteBehavior [ RunTime:0.000019s ]
INFO: [ app_init ] --END-- [ RunTime:0.000676s ]
INFO: [ app_begin ] --START--
INFO: Run Behavior\ReadHtmlCacheBehavior [ RunTime:0.001040s ]
INFO: [ app_begin ] --END-- [ RunTime:0.001115s ]
INFO: [ app_end ] --START--
INFO: Run Behavior\ShowPageTraceBehavior [ RunTime:0.000956s ]
INFO: [ app_end ] --END-- [ RunTime:0.001021s ]

[ 2015-08-01T15:58:39+08:00 ] ::1 /Mirai/Home/Example/Example
INFO: [ app_init ] --START--
INFO: Run Behavior\BuildLiteBehavior [ RunTime:0.000019s ]
INFO: [ app_init ] --END-- [ RunTime:0.000599s ]
INFO: [ app_begin ] --START--
INFO: Run Behavior\ReadHtmlCacheBehavior [ RunTime:0.001095s ]
INFO: [ app_begin ] --END-- [ RunTime:0.001183s ]
ERR: 无法加载控制器:Home/Example

[ 2015-08-01T15:58:41+08:00 ] ::1 /Mirai/Example/Example
INFO: [ app_init ] --START--
INFO: Run Behavior\BuildLiteBehavior [ RunTime:0.000016s ]
INFO: [ app_init ] --END-- [ RunTime:0.000443s ]
INFO: [ app_begin ] --START--
INFO: Run Behavior\ReadHtmlCacheBehavior [ RunTime:0.001082s ]
INFO: [ app_begin ] --END-- [ RunTime:0.001160s ]
INFO: [ app_end ] --START--
INFO: Run Behavior\ShowPageTraceBehavior [ RunTime:0.001145s ]
INFO: [ app_end ] --END-- [ RunTime:0.001271s ]

[ 2015-08-01T16:02:03+08:00 ] ::1 /Mirai/Example/WenzhouThreeHour
INFO: [ app_init ] --START--
INFO: Run Behavior\BuildLiteBehavior [ RunTime:0.000018s ]
INFO: [ app_init ] --END-- [ RunTime:0.000732s ]
INFO: [ app_begin ] --START--
INFO: Run Behavior\ReadHtmlCacheBehavior [ RunTime:0.001072s ]
INFO: [ app_begin ] --END-- [ RunTime:0.001177s ]
ERR: 无法加载控制器:Example/WenzhouThreeHour

[ 2015-08-01T16:02:25+08:00 ] ::1 /Mirai/Example/Example
INFO: [ app_init ] --START--
INFO: Run Behavior\BuildLiteBehavior [ RunTime:0.000017s ]
INFO: [ app_init ] --END-- [ RunTime:0.000554s ]
INFO: [ app_begin ] --START--
INFO: Run Behavior\ReadHtmlCacheBehavior [ RunTime:0.001040s ]
INFO: [ app_begin ] --END-- [ RunTime:0.001118s ]
INFO: [ app_end ] --START--
INFO: Run Behavior\ShowPageTraceBehavior [ RunTime:0.001296s ]
INFO: [ app_end ] --END-- [ RunTime:0.001377s ]

[ 2015-08-01T16:02:30+08:00 ] ::1 /Mirai/Example/WenzhouThreeHoutr
INFO: [ app_init ] --START--
INFO: Run Behavior\BuildLiteBehavior [ RunTime:0.000015s ]
INFO: [ app_init ] --END-- [ RunTime:0.000458s ]
INFO: [ app_begin ] --START--
INFO: Run Behavior\ReadHtmlCacheBehavior [ RunTime:0.001140s ]
INFO: [ app_begin ] --END-- [ RunTime:0.001218s ]
ERR: 无法加载控制器:Example/WenzhouThreeHoutr

[ 2015-08-01T16:02:31+08:00 ] ::1 /Mirai/Example/Example
INFO: [ app_init ] --START--
INFO: Run Behavior\BuildLiteBehavior [ RunTime:0.000018s ]
INFO: [ app_init ] --END-- [ RunTime:0.000556s ]
INFO: [ app_begin ] --START--
INFO: Run Behavior\ReadHtmlCacheBehavior [ RunTime:0.001208s ]
INFO: [ app_begin ] --END-- [ RunTime:0.001288s ]
INFO: [ app_end ] --START--
INFO: Run Behavior\ShowPageTraceBehavior [ RunTime:0.001100s ]
INFO: [ app_end ] --END-- [ RunTime:0.001175s ]

[ 2015-08-01T16:02:32+08:00 ] ::1 /Mirai/Example/WenzhouThreeHour
INFO: [ app_init ] --START--
INFO: Run Behavior\BuildLiteBehavior [ RunTime:0.000016s ]
INFO: [ app_init ] --END-- [ RunTime:0.000484s ]
INFO: [ app_begin ] --START--
INFO: Run Behavior\ReadHtmlCacheBehavior [ RunTime:0.001003s ]
INFO: [ app_begin ] --END-- [ RunTime:0.001066s ]
ERR: 无法加载控制器:Example/WenzhouThreeHour

[ 2015-08-01T16:02:39+08:00 ] ::1 /Mirai/Example/WenzhouThreeHour
INFO: [ app_init ] --START--
INFO: Run Behavior\BuildLiteBehavior [ RunTime:0.000020s ]
INFO: [ app_init ] --END-- [ RunTime:0.000670s ]
INFO: [ app_begin ] --START--
INFO: Run Behavior\ReadHtmlCacheBehavior [ RunTime:0.001058s ]
INFO: [ app_begin ] --END-- [ RunTime:0.001132s ]
ERR: 无法加载控制器:Example/WenzhouThreeHour

[ 2015-08-01T16:03:23+08:00 ] ::1 /Mirai/Example/WenzhouThreeHour
INFO: [ app_init ] --START--
INFO: Run Behavior\BuildLiteBehavior [ RunTime:0.000017s ]
INFO: [ app_init ] --END-- [ RunTime:0.000499s ]
INFO: [ app_begin ] --START--
INFO: Run Behavior\ReadHtmlCacheBehavior [ RunTime:0.000952s ]
INFO: [ app_begin ] --END-- [ RunTime:0.001025s ]
SQL: SHOW COLUMNS FROM `data` [ RunTime:0.0055s ]
ERR: Think\Model:getEventByAPIID方法不存在！

[ 2015-08-01T16:03:37+08:00 ] ::1 /Mirai/Example/WenzhouThreeHour
INFO: [ app_init ] --START--
INFO: Run Behavior\BuildLiteBehavior [ RunTime:0.000022s ]
INFO: [ app_init ] --END-- [ RunTime:0.000509s ]
INFO: [ app_begin ] --START--
INFO: Run Behavior\ReadHtmlCacheBehavior [ RunTime:0.001423s ]
INFO: [ app_begin ] --END-- [ RunTime:0.001508s ]
SQL: SHOW COLUMNS FROM `data` [ RunTime:0.0068s ]
ERR: Think\Model:getEventByAPIID方法不存在！

[ 2015-08-01T16:04:04+08:00 ] ::1 /Mirai/Example/WenzhouThreeHour
INFO: [ app_init ] --START--
INFO: Run Behavior\BuildLiteBehavior [ RunTime:0.000020s ]
INFO: [ app_init ] --END-- [ RunTime:0.000818s ]
INFO: [ app_begin ] --START--
INFO: Run Behavior\ReadHtmlCacheBehavior [ RunTime:0.001029s ]
INFO: [ app_begin ] --END-- [ RunTime:0.001105s ]
SQL: SHOW COLUMNS FROM `data` [ RunTime:0.0046s ]
SQL: SELECT * FROM `data` WHERE ( api_id=1 )  [ RunTime:0.0481s ]
INFO: [ app_end ] --START--
INFO: Run Behavior\ShowPageTraceBehavior [ RunTime:0.001120s ]
INFO: [ app_end ] --END-- [ RunTime:0.001215s ]

[ 2015-08-01T16:05:33+08:00 ] ::1 /Mirai/Example/WenzhouThreeHour
INFO: [ app_init ] --START--
INFO: Run Behavior\BuildLiteBehavior [ RunTime:0.000017s ]
INFO: [ app_init ] --END-- [ RunTime:0.000526s ]
INFO: [ app_begin ] --START--
INFO: Run Behavior\ReadHtmlCacheBehavior [ RunTime:0.000937s ]
INFO: [ app_begin ] --END-- [ RunTime:0.000998s ]
SQL: SHOW COLUMNS FROM `data` [ RunTime:0.0050s ]
SQL: SELECT * FROM `data` WHERE ( api_id=1 ) ORDER BY timestamp desc LIMIT 20   [ RunTime:0.0010s ]
INFO: [ app_end ] --START--
INFO: Run Behavior\ShowPageTraceBehavior [ RunTime:0.001439s ]
INFO: [ app_end ] --END-- [ RunTime:0.001522s ]

[ 2015-08-01T16:06:27+08:00 ] ::1 /Mirai/Example/WenzhouThreeHour
INFO: [ app_init ] --START--
INFO: Run Behavior\BuildLiteBehavior [ RunTime:0.000018s ]
INFO: [ app_init ] --END-- [ RunTime:0.000634s ]
INFO: [ app_begin ] --START--
INFO: Run Behavior\ReadHtmlCacheBehavior [ RunTime:0.001099s ]
INFO: [ app_begin ] --END-- [ RunTime:0.001176s ]
SQL: SHOW COLUMNS FROM `data` [ RunTime:0.0059s ]
SQL: SELECT * FROM `data` WHERE ( api_id=1 ) ORDER BY timestamp desc LIMIT 1   [ RunTime:0.0005s ]
INFO: [ app_end ] --START--
INFO: Run Behavior\ShowPageTraceBehavior [ RunTime:0.001075s ]
INFO: [ app_end ] --END-- [ RunTime:0.001137s ]

[ 2015-08-01T16:07:10+08:00 ] ::1 /Mirai/Example/WenzhouThreeHour
INFO: [ app_init ] --START--
INFO: Run Behavior\BuildLiteBehavior [ RunTime:0.000023s ]
INFO: [ app_init ] --END-- [ RunTime:0.000575s ]
INFO: [ app_begin ] --START--
INFO: Run Behavior\ReadHtmlCacheBehavior [ RunTime:0.001077s ]
INFO: [ app_begin ] --END-- [ RunTime:0.001162s ]
SQL: SHOW COLUMNS FROM `data` [ RunTime:0.0041s ]
SQL: SELECT * FROM `data` WHERE ( api_id=1 ) ORDER BY timestamp desc LIMIT 1   [ RunTime:0.0005s ]

[ 2015-08-01T16:13:01+08:00 ] ::1 /Mirai/Example/WenzhouThreeHour
INFO: [ app_init ] --START--
INFO: Run Behavior\BuildLiteBehavior [ RunTime:0.000023s ]
INFO: [ app_init ] --END-- [ RunTime:0.000792s ]
INFO: [ app_begin ] --START--
INFO: Run Behavior\ReadHtmlCacheBehavior [ RunTime:0.001160s ]
INFO: [ app_begin ] --END-- [ RunTime:0.001241s ]
SQL: SHOW COLUMNS FROM `data` [ RunTime:0.0455s ]
SQL: SELECT * FROM `data` WHERE ( api_id=1 ) ORDER BY timestamp desc LIMIT 1   [ RunTime:0.0016s ]
NOTIC: [2] Missing argument 2 for MiraiReturn(), called in G:\Git\Mirai\Application\Home\Controller\Example\WenzhouThreeHourController.class.php on line 9 and defined G:\Git\Mirai\Application\Home\Common\function.php 第 6 行.

[ 2015-08-01T16:24:13+08:00 ] ::1 /Mirai/Example/WenzhouThreeHour
INFO: [ app_init ] --START--
INFO: Run Behavior\BuildLiteBehavior [ RunTime:0.000016s ]
INFO: [ app_init ] --END-- [ RunTime:0.000515s ]
INFO: [ app_begin ] --START--
INFO: Run Behavior\ReadHtmlCacheBehavior [ RunTime:0.001359s ]
INFO: [ app_begin ] --END-- [ RunTime:0.001447s ]

[ 2015-08-01T16:24:19+08:00 ] ::1 /Mirai/Example/WenzhouThreeHour
INFO: [ app_init ] --START--
INFO: Run Behavior\BuildLiteBehavior [ RunTime:0.000016s ]
INFO: [ app_init ] --END-- [ RunTime:0.000481s ]
INFO: [ app_begin ] --START--
INFO: Run Behavior\ReadHtmlCacheBehavior [ RunTime:0.001419s ]
INFO: [ app_begin ] --END-- [ RunTime:0.001505s ]
SQL: SHOW COLUMNS FROM `data` [ RunTime:0.0060s ]
SQL: SELECT * FROM `data` WHERE ( api_id=1 ) ORDER BY timestamp desc LIMIT 1   [ RunTime:0.0005s ]
NOTIC: [2] Missing argument 2 for MiraiReturn(), called in G:\Git\Mirai\Application\Home\Controller\Example\WenzhouThreeHourController.class.php on line 10 and defined G:\Git\Mirai\Application\Home\Common\function.php 第 6 行.

[ 2015-08-01T16:24:31+08:00 ] ::1 /Mirai/Example/WenzhouThreeHour
INFO: [ app_init ] --START--
INFO: Run Behavior\BuildLiteBehavior [ RunTime:0.000020s ]
INFO: [ app_init ] --END-- [ RunTime:0.000677s ]
INFO: [ app_begin ] --START--
INFO: Run Behavior\ReadHtmlCacheBehavior [ RunTime:0.001114s ]
INFO: [ app_begin ] --END-- [ RunTime:0.001209s ]
SQL: SHOW COLUMNS FROM `data` [ RunTime:0.0040s ]
SQL: SELECT * FROM `data` WHERE ( api_id=1 ) ORDER BY timestamp desc LIMIT 1   [ RunTime:0.0004s ]
NOTIC: [2] Missing argument 2 for MiraiReturn(), called in G:\Git\Mirai\Application\Home\Controller\Example\WenzhouThreeHourController.class.php on line 10 and defined G:\Git\Mirai\Application\Home\Common\function.php 第 6 行.

[ 2015-08-01T16:27:19+08:00 ] ::1 /Mirai/Example/WenzhouThreeHour
INFO: [ app_init ] --START--
INFO: Run Behavior\BuildLiteBehavior [ RunTime:0.000016s ]
INFO: [ app_init ] --END-- [ RunTime:0.000485s ]
INFO: [ app_begin ] --START--
INFO: Run Behavior\ReadHtmlCacheBehavior [ RunTime:0.000997s ]
INFO: [ app_begin ] --END-- [ RunTime:0.001097s ]
SQL: SHOW COLUMNS FROM `data` [ RunTime:0.0056s ]
SQL: SELECT * FROM `data` WHERE ( api_id=1 ) ORDER BY timestamp desc LIMIT 1   [ RunTime:0.0007s ]
ERR: SQLSTATE[42S02]: Base table or view not found: 1146 Table 'mirai.a_p_i' doesn't exist

[ 2015-08-01T16:28:00+08:00 ] ::1 /Mirai/Example/WenzhouThreeHour
INFO: [ app_init ] --START--
INFO: Run Behavior\BuildLiteBehavior [ RunTime:0.000017s ]
INFO: [ app_init ] --END-- [ RunTime:0.000521s ]
INFO: [ app_begin ] --START--
INFO: Run Behavior\ReadHtmlCacheBehavior [ RunTime:0.001359s ]
INFO: [ app_begin ] --END-- [ RunTime:0.001458s ]
SQL: SHOW COLUMNS FROM `data` [ RunTime:0.0071s ]
SQL: SELECT * FROM `data` WHERE ( api_id=1 ) ORDER BY timestamp desc LIMIT 1   [ RunTime:0.0005s ]
SQL: SHOW COLUMNS FROM `api` [ RunTime:0.0051s ]
SQL: UPDATE `api` SET `triggercount`=triggercount+1 WHERE ( api_id = 1 ) [ RunTime:0.0703s ]
NOTIC: [8] Undefined index: timestamp G:\Git\Mirai\Application\Home\Model\DataModel.class.php 第 29 行.
NOTIC: [2] Missing argument 2 for MiraiReturn(), called in G:\Git\Mirai\Application\Home\Controller\Example\WenzhouThreeHourController.class.php on line 10 and defined G:\Git\Mirai\Application\Home\Common\function.php 第 6 行.

[ 2015-08-01T16:29:19+08:00 ] ::1 /Mirai/Example/WenzhouThreeHour
INFO: [ app_init ] --START--
INFO: Run Behavior\BuildLiteBehavior [ RunTime:0.000018s ]
INFO: [ app_init ] --END-- [ RunTime:0.000562s ]
INFO: [ app_begin ] --START--
INFO: Run Behavior\ReadHtmlCacheBehavior [ RunTime:0.001087s ]
INFO: [ app_begin ] --END-- [ RunTime:0.001167s ]
SQL: SHOW COLUMNS FROM `data` [ RunTime:0.0048s ]
SQL: SELECT * FROM `data` WHERE ( api_id=1 ) ORDER BY timestamp desc LIMIT 1   [ RunTime:0.0006s ]
SQL: SHOW COLUMNS FROM `api` [ RunTime:0.0053s ]
SQL: UPDATE `api` SET `triggercount`=triggercount+1 WHERE ( api_id = 1 ) [ RunTime:0.0541s ]
NOTIC: [8] Undefined index: timestamp G:\Git\Mirai\Application\Home\Model\DataModel.class.php 第 29 行.
SQL: SELECT * FROM `api` WHERE ( api_id = 1 ) LIMIT 1   [ RunTime:0.0004s ]
NOTIC: [2] Missing argument 2 for MiraiReturn(), called in G:\Git\Mirai\Application\Home\Controller\Example\WenzhouThreeHourController.class.php on line 9 and defined G:\Git\Mirai\Application\Home\Common\function.php 第 6 行.

[ 2015-08-01T16:29:30+08:00 ] ::1 /Mirai/Example/WenzhouThreeHour
INFO: [ app_init ] --START--
INFO: Run Behavior\BuildLiteBehavior [ RunTime:0.000018s ]
INFO: [ app_init ] --END-- [ RunTime:0.000657s ]
INFO: [ app_begin ] --START--
INFO: Run Behavior\ReadHtmlCacheBehavior [ RunTime:0.000997s ]
INFO: [ app_begin ] --END-- [ RunTime:0.001077s ]
SQL: SHOW COLUMNS FROM `data` [ RunTime:0.0042s ]
SQL: SELECT * FROM `data` WHERE ( api_id=1 ) ORDER BY timestamp desc LIMIT 1   [ RunTime:0.0007s ]
SQL: SHOW COLUMNS FROM `api` [ RunTime:0.0054s ]
SQL: UPDATE `api` SET `triggercount`=triggercount+1 WHERE ( api_id = 1 ) [ RunTime:0.0985s ]
NOTIC: [8] Undefined index: timestamp G:\Git\Mirai\Application\Home\Model\DataModel.class.php 第 29 行.
SQL: SELECT * FROM `api` WHERE ( api_id = 1 ) LIMIT 1   [ RunTime:0.0003s ]
NOTIC: [2] Missing argument 2 for MiraiReturn(), called in G:\Git\Mirai\Application\Home\Controller\Example\WenzhouThreeHourController.class.php on line 9 and defined G:\Git\Mirai\Application\Home\Common\function.php 第 6 行.

[ 2015-08-01T16:29:42+08:00 ] ::1 /Mirai/Example/WenzhouThreeHour
INFO: [ app_init ] --START--
INFO: Run Behavior\BuildLiteBehavior [ RunTime:0.000015s ]
INFO: [ app_init ] --END-- [ RunTime:0.000472s ]
INFO: [ app_begin ] --START--
INFO: Run Behavior\ReadHtmlCacheBehavior [ RunTime:0.001112s ]
INFO: [ app_begin ] --END-- [ RunTime:0.001226s ]
SQL: SHOW COLUMNS FROM `data` [ RunTime:0.0052s ]
SQL: SELECT * FROM `data` WHERE ( api_id=1 ) ORDER BY timestamp desc LIMIT 1   [ RunTime:0.0008s ]
SQL: SHOW COLUMNS FROM `api` [ RunTime:0.0044s ]
SQL: UPDATE `api` SET `triggercount`=triggercount+1 WHERE ( api_id = 1 ) [ RunTime:0.0654s ]
NOTIC: [8] Undefined index: timestamp G:\Git\Mirai\Application\Home\Model\DataModel.class.php 第 29 行.
SQL: SELECT * FROM `api` WHERE ( api_id = 1 ) LIMIT 1   [ RunTime:0.0004s ]
SQL: SELECT * FROM `api` WHERE ( api_id = 1 ) LIMIT 1   [ RunTime:0.0004s ]
NOTIC: [8] Array to string conversion G:\Git\Mirai\Application\Home\Model\DataModel.class.php 第 32 行.
NOTIC: [2] Missing argument 2 for MiraiReturn(), called in G:\Git\Mirai\Application\Home\Controller\Example\WenzhouThreeHourController.class.php on line 9 and defined G:\Git\Mirai\Application\Home\Common\function.php 第 6 行.

[ 2015-08-01T16:29:57+08:00 ] ::1 /Mirai/Example/WenzhouThreeHour
INFO: [ app_init ] --START--
INFO: Run Behavior\BuildLiteBehavior [ RunTime:0.000018s ]
INFO: [ app_init ] --END-- [ RunTime:0.000549s ]
INFO: [ app_begin ] --START--
INFO: Run Behavior\ReadHtmlCacheBehavior [ RunTime:0.000976s ]
INFO: [ app_begin ] --END-- [ RunTime:0.001054s ]
SQL: SHOW COLUMNS FROM `data` [ RunTime:0.0047s ]
SQL: SELECT * FROM `data` WHERE ( api_id=1 ) ORDER BY timestamp desc LIMIT 1   [ RunTime:0.0005s ]
SQL: SHOW COLUMNS FROM `api` [ RunTime:0.0043s ]
SQL: UPDATE `api` SET `triggercount`=triggercount+1 WHERE ( api_id = 1 ) [ RunTime:0.0597s ]
NOTIC: [8] Undefined index: timestamp G:\Git\Mirai\Application\Home\Model\DataModel.class.php 第 29 行.
SQL: SELECT * FROM `api` WHERE ( api_id = 1 ) LIMIT 1   [ RunTime:0.0004s ]
SQL: SELECT * FROM `api` WHERE ( api_id = 1 ) LIMIT 1   [ RunTime:0.0004s ]
NOTIC: [2] Missing argument 2 for MiraiReturn(), called in G:\Git\Mirai\Application\Home\Controller\Example\WenzhouThreeHourController.class.php on line 9 and defined G:\Git\Mirai\Application\Home\Common\function.php 第 6 行.

[ 2015-08-01T16:30:14+08:00 ] ::1 /Mirai/Example/WenzhouThreeHour
INFO: [ app_init ] --START--
INFO: Run Behavior\BuildLiteBehavior [ RunTime:0.000016s ]
INFO: [ app_init ] --END-- [ RunTime:0.000486s ]
INFO: [ app_begin ] --START--
INFO: Run Behavior\ReadHtmlCacheBehavior [ RunTime:0.001000s ]
INFO: [ app_begin ] --END-- [ RunTime:0.001074s ]
SQL: SHOW COLUMNS FROM `data` [ RunTime:0.0044s ]
SQL: SELECT * FROM `data` WHERE ( api_id=1 ) ORDER BY timestamp desc LIMIT 1   [ RunTime:0.0006s ]
SQL: SHOW COLUMNS FROM `api` [ RunTime:0.0048s ]
SQL: UPDATE `api` SET `triggercount`=triggercount+1 WHERE ( api_id = 1 ) [ RunTime:0.0758s ]
NOTIC: [8] Undefined index: timestamp G:\Git\Mirai\Application\Home\Model\DataModel.class.php 第 29 行.
SQL: SELECT * FROM `api` WHERE ( api_id = 1 ) LIMIT 1   [ RunTime:0.0011s ]
SQL: SELECT * FROM `api` WHERE ( api_id = 1 ) LIMIT 1   [ RunTime:0.0005s ]
NOTIC: [2] json_decode() expects parameter 1 to be string, array given G:\Git\Mirai\Application\Home\Model\DataModel.class.php 第 32 行.
NOTIC: [2] Missing argument 2 for MiraiReturn(), called in G:\Git\Mirai\Application\Home\Controller\Example\WenzhouThreeHourController.class.php on line 9 and defined G:\Git\Mirai\Application\Home\Common\function.php 第 6 行.

[ 2015-08-01T16:30:24+08:00 ] ::1 /Mirai/Example/WenzhouThreeHour
INFO: [ app_init ] --START--
INFO: Run Behavior\BuildLiteBehavior [ RunTime:0.000018s ]
INFO: [ app_init ] --END-- [ RunTime:0.000570s ]
INFO: [ app_begin ] --START--
INFO: Run Behavior\ReadHtmlCacheBehavior [ RunTime:0.000958s ]
INFO: [ app_begin ] --END-- [ RunTime:0.001022s ]
SQL: SHOW COLUMNS FROM `data` [ RunTime:0.0044s ]
SQL: SELECT * FROM `data` WHERE ( api_id=1 ) ORDER BY timestamp desc LIMIT 1   [ RunTime:0.0007s ]
SQL: SHOW COLUMNS FROM `api` [ RunTime:0.0047s ]
SQL: UPDATE `api` SET `triggercount`=triggercount+1 WHERE ( api_id = 1 ) [ RunTime:0.0781s ]
NOTIC: [8] Undefined index: timestamp G:\Git\Mirai\Application\Home\Model\DataModel.class.php 第 29 行.
SQL: SELECT * FROM `api` WHERE ( api_id = 1 ) LIMIT 1   [ RunTime:0.0003s ]
SQL: SELECT * FROM `api` WHERE ( api_id = 1 ) LIMIT 1   [ RunTime:0.0002s ]
NOTIC: [2] Missing argument 2 for MiraiReturn(), called in G:\Git\Mirai\Application\Home\Controller\Example\WenzhouThreeHourController.class.php on line 9 and defined G:\Git\Mirai\Application\Home\Common\function.php 第 6 行.

[ 2015-08-01T16:30:32+08:00 ] ::1 /Mirai/Example/WenzhouThreeHour
INFO: [ app_init ] --START--
INFO: Run Behavior\BuildLiteBehavior [ RunTime:0.000021s ]
INFO: [ app_init ] --END-- [ RunTime:0.000639s ]
INFO: [ app_begin ] --START--
INFO: Run Behavior\ReadHtmlCacheBehavior [ RunTime:0.001034s ]
INFO: [ app_begin ] --END-- [ RunTime:0.001102s ]
SQL: SHOW COLUMNS FROM `data` [ RunTime:0.0049s ]
SQL: SELECT * FROM `data` WHERE ( api_id=1 ) ORDER BY timestamp desc LIMIT 1   [ RunTime:0.0005s ]
SQL: SHOW COLUMNS FROM `api` [ RunTime:0.0044s ]
SQL: UPDATE `api` SET `triggercount`=triggercount+1 WHERE ( api_id = 1 ) [ RunTime:0.0552s ]
NOTIC: [8] Undefined index: timestamp G:\Git\Mirai\Application\Home\Model\DataModel.class.php 第 29 行.
SQL: SELECT * FROM `api` WHERE ( api_id = 1 ) LIMIT 1   [ RunTime:0.0003s ]
SQL: SELECT * FROM `api` WHERE ( api_id = 1 ) LIMIT 1   [ RunTime:0.0002s ]
NOTIC: [2] Missing argument 2 for MiraiReturn(), called in G:\Git\Mirai\Application\Home\Controller\Example\WenzhouThreeHourController.class.php on line 9 and defined G:\Git\Mirai\Application\Home\Common\function.php 第 6 行.

[ 2015-08-01T16:30:39+08:00 ] ::1 /Mirai/Example/WenzhouThreeHour
INFO: [ app_init ] --START--
INFO: Run Behavior\BuildLiteBehavior [ RunTime:0.000020s ]
INFO: [ app_init ] --END-- [ RunTime:0.000634s ]
INFO: [ app_begin ] --START--
INFO: Run Behavior\ReadHtmlCacheBehavior [ RunTime:0.000932s ]
INFO: [ app_begin ] --END-- [ RunTime:0.001002s ]
SQL: SHOW COLUMNS FROM `data` [ RunTime:0.0051s ]
SQL: SELECT * FROM `data` WHERE ( api_id=1 ) ORDER BY timestamp desc LIMIT 1   [ RunTime:0.0006s ]
SQL: SHOW COLUMNS FROM `api` [ RunTime:0.0052s ]
SQL: UPDATE `api` SET `triggercount`=triggercount+1 WHERE ( api_id = 1 ) [ RunTime:0.0505s ]
NOTIC: [8] Undefined index: timestamp G:\Git\Mirai\Application\Home\Model\DataModel.class.php 第 29 行.
SQL: SELECT * FROM `api` WHERE ( api_id = 1 ) LIMIT 1   [ RunTime:0.0003s ]
SQL: SELECT * FROM `api` WHERE ( api_id = 1 ) LIMIT 1   [ RunTime:0.0002s ]
NOTIC: [2] Missing argument 2 for MiraiReturn(), called in G:\Git\Mirai\Application\Home\Controller\Example\WenzhouThreeHourController.class.php on line 9 and defined G:\Git\Mirai\Application\Home\Common\function.php 第 6 行.

[ 2015-08-01T16:31:00+08:00 ] ::1 /Mirai/Example/WenzhouThreeHour
INFO: [ app_init ] --START--
INFO: Run Behavior\BuildLiteBehavior [ RunTime:0.000017s ]
INFO: [ app_init ] --END-- [ RunTime:0.000476s ]
INFO: [ app_begin ] --START--
INFO: Run Behavior\ReadHtmlCacheBehavior [ RunTime:0.001106s ]
INFO: [ app_begin ] --END-- [ RunTime:0.001188s ]
SQL: SHOW COLUMNS FROM `data` [ RunTime:0.0046s ]
SQL: SELECT * FROM `data` WHERE ( api_id=1 ) ORDER BY timestamp desc LIMIT 1   [ RunTime:0.0005s ]
SQL: SHOW COLUMNS FROM `api` [ RunTime:0.0057s ]
SQL: UPDATE `api` SET `triggercount`=triggercount+1 WHERE ( api_id = 1 ) [ RunTime:0.1159s ]
NOTIC: [8] Undefined index: timestamp G:\Git\Mirai\Application\Home\Model\DataModel.class.php 第 29 行.
SQL: SELECT * FROM `api` WHERE ( api_id = 1 ) LIMIT 1   [ RunTime:0.0004s ]
SQL: SELECT * FROM `api` WHERE ( api_id = 1 ) LIMIT 1   [ RunTime:0.0003s ]
NOTIC: [2] Missing argument 2 for MiraiReturn(), called in G:\Git\Mirai\Application\Home\Controller\Example\WenzhouThreeHourController.class.php on line 9 and defined G:\Git\Mirai\Application\Home\Common\function.php 第 6 行.

[ 2015-08-01T16:31:10+08:00 ] ::1 /Mirai/Example/WenzhouThreeHour
INFO: [ app_init ] --START--
INFO: Run Behavior\BuildLiteBehavior [ RunTime:0.000017s ]
INFO: [ app_init ] --END-- [ RunTime:0.000559s ]
INFO: [ app_begin ] --START--
INFO: Run Behavior\ReadHtmlCacheBehavior [ RunTime:0.001147s ]
INFO: [ app_begin ] --END-- [ RunTime:0.001234s ]
SQL: SHOW COLUMNS FROM `data` [ RunTime:0.0042s ]
SQL: SELECT * FROM `data` WHERE ( api_id=1 ) ORDER BY timestamp desc LIMIT 1   [ RunTime:0.0009s ]
SQL: SHOW COLUMNS FROM `api` [ RunTime:0.0047s ]
SQL: UPDATE `api` SET `triggercount`=triggercount+1 WHERE ( api_id = 1 ) [ RunTime:0.0538s ]
NOTIC: [8] Undefined index: timestamp G:\Git\Mirai\Application\Home\Model\DataModel.class.php 第 29 行.
SQL: SELECT * FROM `api` WHERE ( api_id = 1 ) LIMIT 1   [ RunTime:0.0003s ]
NOTIC: [2] Missing argument 2 for MiraiReturn(), called in G:\Git\Mirai\Application\Home\Controller\Example\WenzhouThreeHourController.class.php on line 9 and defined G:\Git\Mirai\Application\Home\Common\function.php 第 6 行.

[ 2015-08-01T16:31:24+08:00 ] ::1 /Mirai/Example/WenzhouThreeHour
INFO: [ app_init ] --START--
INFO: Run Behavior\BuildLiteBehavior [ RunTime:0.000024s ]
INFO: [ app_init ] --END-- [ RunTime:0.000874s ]
INFO: [ app_begin ] --START--
INFO: Run Behavior\ReadHtmlCacheBehavior [ RunTime:0.001285s ]
INFO: [ app_begin ] --END-- [ RunTime:0.001376s ]
SQL: SHOW COLUMNS FROM `data` [ RunTime:0.0053s ]
SQL: SELECT * FROM `data` WHERE ( api_id=1 ) ORDER BY timestamp desc LIMIT 1   [ RunTime:0.0005s ]
SQL: SHOW COLUMNS FROM `api` [ RunTime:0.0069s ]
SQL: UPDATE `api` SET `triggercount`=triggercount+1 WHERE ( api_id = 1 ) [ RunTime:0.0610s ]
NOTIC: [8] Undefined index: timestamp G:\Git\Mirai\Application\Home\Model\DataModel.class.php 第 29 行.
SQL: SELECT * FROM `api` WHERE ( api_id = 1 ) LIMIT 1   [ RunTime:0.0024s ]
NOTIC: [2] Missing argument 2 for MiraiReturn(), called in G:\Git\Mirai\Application\Home\Controller\Example\WenzhouThreeHourController.class.php on line 9 and defined G:\Git\Mirai\Application\Home\Common\function.php 第 6 行.

[ 2015-08-01T16:31:58+08:00 ] ::1 /Mirai/Example/WenzhouThreeHour
INFO: [ app_init ] --START--
INFO: Run Behavior\BuildLiteBehavior [ RunTime:0.000018s ]
INFO: [ app_init ] --END-- [ RunTime:0.000714s ]
INFO: [ app_begin ] --START--
INFO: Run Behavior\ReadHtmlCacheBehavior [ RunTime:0.001051s ]
INFO: [ app_begin ] --END-- [ RunTime:0.001130s ]
SQL: SHOW COLUMNS FROM `data` [ RunTime:0.0055s ]
SQL: SELECT * FROM `data` WHERE ( api_id=1 ) ORDER BY timestamp desc LIMIT 1   [ RunTime:0.0007s ]
SQL: SHOW COLUMNS FROM `api` [ RunTime:0.0046s ]
SQL: UPDATE `api` SET `triggercount`=triggercount+1 WHERE ( api_id = 1 ) [ RunTime:0.0534s ]
NOTIC: [8] Undefined index: timestamp G:\Git\Mirai\Application\Home\Model\DataModel.class.php 第 29 行.
SQL: SELECT * FROM `api` WHERE ( api_id = 1 ) LIMIT 1   [ RunTime:0.0010s ]
NOTIC: [2] Missing argument 2 for MiraiReturn(), called in G:\Git\Mirai\Application\Home\Controller\Example\WenzhouThreeHourController.class.php on line 9 and defined G:\Git\Mirai\Application\Home\Common\function.php 第 6 行.

[ 2015-08-01T16:38:55+08:00 ] ::1 /Mirai/Example/WenzhouThreeHour
INFO: [ app_init ] --START--
INFO: Run Behavior\BuildLiteBehavior [ RunTime:0.000019s ]
INFO: [ app_init ] --END-- [ RunTime:0.000721s ]
INFO: [ app_begin ] --START--
INFO: Run Behavior\ReadHtmlCacheBehavior [ RunTime:0.001065s ]
INFO: [ app_begin ] --END-- [ RunTime:0.001143s ]

[ 2015-08-01T16:39:02+08:00 ] ::1 /Mirai/Example/WenzhouThreeHour
INFO: [ app_init ] --START--
INFO: Run Behavior\BuildLiteBehavior [ RunTime:0.000020s ]
INFO: [ app_init ] --END-- [ RunTime:0.000948s ]
INFO: [ app_begin ] --START--
INFO: Run Behavior\ReadHtmlCacheBehavior [ RunTime:0.001172s ]
INFO: [ app_begin ] --END-- [ RunTime:0.001255s ]
SQL: SHOW COLUMNS FROM `data` [ RunTime:0.0938s ]
SQL: SELECT * FROM `data` WHERE ( api_id=1 ) ORDER BY timestamp desc LIMIT 20   [ RunTime:0.0013s ]
SQL: SHOW COLUMNS FROM `api` [ RunTime:0.0072s ]
SQL: UPDATE `api` SET `triggercount`=triggercount+1 WHERE ( api_id = 1 ) [ RunTime:0.0498s ]
NOTIC: [8] Undefined index: timestamp G:\Git\Mirai\Application\Home\Model\DataModel.class.php 第 29 行.
SQL: SELECT * FROM `api` WHERE ( api_id = 1 ) LIMIT 1   [ RunTime:0.0003s ]
SQL: SHOW COLUMNS FROM `job` [ RunTime:0.0044s ]
SQL: INSERT INTO `job` (`api_id`,`params`) VALUES ('000000001','[]') [ RunTime:0.0825s ]
NOTIC: [2] Missing argument 2 for MiraiReturn(), called in G:\Git\Mirai\Application\Home\Controller\Example\WenzhouThreeHourController.class.php on line 9 and defined G:\Git\Mirai\Application\Home\Common\function.php 第 6 行.

[ 2015-08-01T16:41:11+08:00 ] ::1 /Mirai/Example/WenzhouThreeHour
INFO: [ app_init ] --START--
INFO: Run Behavior\BuildLiteBehavior [ RunTime:0.000019s ]
INFO: [ app_init ] --END-- [ RunTime:0.000570s ]
INFO: [ app_begin ] --START--
INFO: Run Behavior\ReadHtmlCacheBehavior [ RunTime:0.001152s ]
INFO: [ app_begin ] --END-- [ RunTime:0.001236s ]
SQL: SHOW COLUMNS FROM `data` [ RunTime:0.0053s ]
SQL: SELECT * FROM `data` WHERE ( api_id=1 ) ORDER BY timestamp desc LIMIT 20   [ RunTime:0.0009s ]
SQL: SHOW COLUMNS FROM `api` [ RunTime:0.0044s ]
SQL: UPDATE `api` SET `triggercount`=triggercount+1 WHERE ( api_id = 1 ) [ RunTime:0.0587s ]
NOTIC: [8] Undefined index: timestamp G:\Git\Mirai\Application\Home\Model\DataModel.class.php 第 29 行.
SQL: SELECT * FROM `api` WHERE ( api_id = 1 ) LIMIT 1   [ RunTime:0.0005s ]
SQL: SHOW COLUMNS FROM `job` [ RunTime:0.0061s ]
SQL: INSERT INTO `job` (`api_id`,`params`) VALUES ('000000001','{}') [ RunTime:0.0594s ]
NOTIC: [2] Missing argument 2 for MiraiReturn(), called in G:\Git\Mirai\Application\Home\Controller\Example\WenzhouThreeHourController.class.php on line 9 and defined G:\Git\Mirai\Application\Home\Common\function.php 第 6 行.

[ 2015-08-01T16:41:25+08:00 ] ::1 /Mirai/Example/WenzhouThreeHour
INFO: [ app_init ] --START--
INFO: Run Behavior\BuildLiteBehavior [ RunTime:0.000020s ]
INFO: [ app_init ] --END-- [ RunTime:0.000665s ]
INFO: [ app_begin ] --START--
INFO: Run Behavior\ReadHtmlCacheBehavior [ RunTime:0.001141s ]
INFO: [ app_begin ] --END-- [ RunTime:0.001228s ]
SQL: SHOW COLUMNS FROM `data` [ RunTime:0.0046s ]
SQL: SELECT * FROM `data` WHERE ( api_id=1 ) ORDER BY timestamp desc LIMIT 20   [ RunTime:0.0008s ]
SQL: SHOW COLUMNS FROM `api` [ RunTime:0.0047s ]
SQL: UPDATE `api` SET `triggercount`=triggercount+1 WHERE ( api_id = 1 ) [ RunTime:0.0989s ]
NOTIC: [8] Undefined index: timestamp G:\Git\Mirai\Application\Home\Model\DataModel.class.php 第 29 行.
SQL: SELECT * FROM `api` WHERE ( api_id = 1 ) LIMIT 1   [ RunTime:0.0003s ]
SQL: SHOW COLUMNS FROM `job` [ RunTime:0.0073s ]
SQL: INSERT INTO `job` (`api_id`,`params`) VALUES ('000000001','{}') [ RunTime:0.0799s ]
NOTIC: [2] Missing argument 2 for MiraiReturn(), called in G:\Git\Mirai\Application\Home\Controller\Example\WenzhouThreeHourController.class.php on line 9 and defined G:\Git\Mirai\Application\Home\Common\function.php 第 6 行.

[ 2015-08-01T16:42:12+08:00 ] ::1 /Mirai/Example/WenzhouThreeHour
INFO: [ app_init ] --START--
INFO: Run Behavior\BuildLiteBehavior [ RunTime:0.000018s ]
INFO: [ app_init ] --END-- [ RunTime:0.001461s ]
INFO: [ app_begin ] --START--
INFO: Run Behavior\ReadHtmlCacheBehavior [ RunTime:0.007529s ]
INFO: [ app_begin ] --END-- [ RunTime:0.007605s ]
SQL: SHOW COLUMNS FROM `data` [ RunTime:0.0050s ]
SQL: SELECT * FROM `data` WHERE ( api_id=1 ) ORDER BY timestamp desc LIMIT 20   [ RunTime:0.0010s ]
SQL: SHOW COLUMNS FROM `api` [ RunTime:0.0045s ]
SQL: UPDATE `api` SET `triggercount`=triggercount+1 WHERE ( api_id = 1 ) [ RunTime:0.0891s ]
NOTIC: [8] Undefined index: timestamp G:\Git\Mirai\Application\Home\Model\DataModel.class.php 第 29 行.
SQL: SELECT * FROM `api` WHERE ( api_id = 1 ) LIMIT 1   [ RunTime:0.0004s ]
SQL: SHOW COLUMNS FROM `job` [ RunTime:0.0045s ]
SQL: INSERT INTO `job` (`api_id`,`params`) VALUES ('000000001','{}') [ RunTime:0.0936s ]
NOTIC: [2] Missing argument 2 for MiraiReturn(), called in G:\Git\Mirai\Application\Home\Controller\Example\WenzhouThreeHourController.class.php on line 9 and defined G:\Git\Mirai\Application\Home\Common\function.php 第 6 行.

[ 2015-08-01T16:42:23+08:00 ] ::1 /Mirai/Example/WenzhouThreeHour
INFO: [ app_init ] --START--
INFO: Run Behavior\BuildLiteBehavior [ RunTime:0.000017s ]
INFO: [ app_init ] --END-- [ RunTime:0.000494s ]
INFO: [ app_begin ] --START--
INFO: Run Behavior\ReadHtmlCacheBehavior [ RunTime:0.000940s ]
INFO: [ app_begin ] --END-- [ RunTime:0.001005s ]
SQL: SHOW COLUMNS FROM `data` [ RunTime:0.0043s ]
SQL: SELECT * FROM `data` WHERE ( api_id=1 ) ORDER BY timestamp desc LIMIT 20   [ RunTime:0.0008s ]
SQL: SHOW COLUMNS FROM `api` [ RunTime:0.0056s ]
SQL: UPDATE `api` SET `triggercount`=triggercount+1 WHERE ( api_id = 1 ) [ RunTime:0.0503s ]
NOTIC: [8] Undefined index: timestamp G:\Git\Mirai\Application\Home\Model\DataModel.class.php 第 29 行.
SQL: SELECT * FROM `api` WHERE ( api_id = 1 ) LIMIT 1   [ RunTime:0.0003s ]
SQL: SHOW COLUMNS FROM `job` [ RunTime:0.0051s ]
SQL: INSERT INTO `job` (`api_id`,`params`) VALUES ('000000001','{}') [ RunTime:0.0594s ]
NOTIC: [2] Missing argument 2 for MiraiReturn(), called in G:\Git\Mirai\Application\Home\Controller\Example\WenzhouThreeHourController.class.php on line 9 and defined G:\Git\Mirai\Application\Home\Common\function.php 第 6 行.

[ 2015-08-01T16:42:39+08:00 ] ::1 /Mirai/Example/WenzhouThreeHour
INFO: [ app_init ] --START--
INFO: Run Behavior\BuildLiteBehavior [ RunTime:0.000017s ]
INFO: [ app_init ] --END-- [ RunTime:0.000483s ]
INFO: [ app_begin ] --START--
INFO: Run Behavior\ReadHtmlCacheBehavior [ RunTime:0.001289s ]
INFO: [ app_begin ] --END-- [ RunTime:0.001381s ]
SQL: SHOW COLUMNS FROM `data` [ RunTime:0.0056s ]
SQL: SELECT * FROM `data` WHERE ( api_id=1 ) ORDER BY timestamp desc LIMIT 20   [ RunTime:0.0008s ]
SQL: SHOW COLUMNS FROM `api` [ RunTime:0.0050s ]
SQL: UPDATE `api` SET `triggercount`=triggercount+1 WHERE ( api_id = 1 ) [ RunTime:0.0874s ]
NOTIC: [8] Undefined index: timestamp G:\Git\Mirai\Application\Home\Model\DataModel.class.php 第 29 行.
SQL: SELECT * FROM `api` WHERE ( api_id = 1 ) LIMIT 1   [ RunTime:0.0004s ]
SQL: SHOW COLUMNS FROM `job` [ RunTime:0.0051s ]
SQL: INSERT INTO `job` (`api_id`,`params`) VALUES ('000000001','{}') [ RunTime:0.0917s ]
NOTIC: [2] Missing argument 2 for MiraiReturn(), called in G:\Git\Mirai\Application\Home\Controller\Example\WenzhouThreeHourController.class.php on line 9 and defined G:\Git\Mirai\Application\Home\Common\function.php 第 6 行.

[ 2015-08-01T16:42:47+08:00 ] ::1 /Mirai/Example/WenzhouThreeHour
INFO: [ app_init ] --START--
INFO: Run Behavior\BuildLiteBehavior [ RunTime:0.000018s ]
INFO: [ app_init ] --END-- [ RunTime:0.000629s ]
INFO: [ app_begin ] --START--
INFO: Run Behavior\ReadHtmlCacheBehavior [ RunTime:0.000961s ]
INFO: [ app_begin ] --END-- [ RunTime:0.001039s ]
SQL: SHOW COLUMNS FROM `data` [ RunTime:0.0043s ]
SQL: SELECT * FROM `data` WHERE ( api_id=1 ) ORDER BY timestamp desc LIMIT 20   [ RunTime:0.0293s ]
SQL: SHOW COLUMNS FROM `api` [ RunTime:0.0048s ]
SQL: UPDATE `api` SET `triggercount`=triggercount+1 WHERE ( api_id = 1 ) [ RunTime:0.0505s ]
NOTIC: [8] Undefined index: timestamp G:\Git\Mirai\Application\Home\Model\DataModel.class.php 第 29 行.
SQL: SELECT * FROM `api` WHERE ( api_id = 1 ) LIMIT 1   [ RunTime:0.0003s ]
SQL: SHOW COLUMNS FROM `job` [ RunTime:0.0202s ]
SQL: INSERT INTO `job` (`api_id`,`params`) VALUES ('000000001','{}') [ RunTime:0.1084s ]
NOTIC: [2] Missing argument 2 for MiraiReturn(), called in G:\Git\Mirai\Application\Home\Controller\Example\WenzhouThreeHourController.class.php on line 9 and defined G:\Git\Mirai\Application\Home\Common\function.php 第 6 行.

[ 2015-08-01T16:42:53+08:00 ] ::1 /Mirai/Example/WenzhouThreeHour
INFO: [ app_init ] --START--
INFO: Run Behavior\BuildLiteBehavior [ RunTime:0.000016s ]
INFO: [ app_init ] --END-- [ RunTime:0.000480s ]
INFO: [ app_begin ] --START--
INFO: Run Behavior\ReadHtmlCacheBehavior [ RunTime:0.000872s ]
INFO: [ app_begin ] --END-- [ RunTime:0.000934s ]
SQL: SHOW COLUMNS FROM `data` [ RunTime:0.0048s ]
SQL: SELECT * FROM `data` WHERE ( api_id=1 ) ORDER BY timestamp desc LIMIT 20   [ RunTime:0.0010s ]
SQL: SHOW COLUMNS FROM `api` [ RunTime:0.0055s ]
SQL: UPDATE `api` SET `triggercount`=triggercount+1 WHERE ( api_id = 1 ) [ RunTime:0.0621s ]
NOTIC: [8] Undefined index: timestamp G:\Git\Mirai\Application\Home\Model\DataModel.class.php 第 29 行.
SQL: SELECT * FROM `api` WHERE ( api_id = 1 ) LIMIT 1   [ RunTime:0.0021s ]
SQL: SHOW COLUMNS FROM `job` [ RunTime:0.0053s ]
SQL: INSERT INTO `job` (`api_id`,`params`) VALUES ('000000001','{}') [ RunTime:0.0678s ]
NOTIC: [2] Missing argument 2 for MiraiReturn(), called in G:\Git\Mirai\Application\Home\Controller\Example\WenzhouThreeHourController.class.php on line 9 and defined G:\Git\Mirai\Application\Home\Common\function.php 第 6 行.

[ 2015-08-01T16:43:33+08:00 ] ::1 /Mirai/Example/WenzhouThreeHour
INFO: [ app_init ] --START--
INFO: Run Behavior\BuildLiteBehavior [ RunTime:0.000016s ]
INFO: [ app_init ] --END-- [ RunTime:0.000492s ]
INFO: [ app_begin ] --START--
INFO: Run Behavior\ReadHtmlCacheBehavior [ RunTime:0.001153s ]
INFO: [ app_begin ] --END-- [ RunTime:0.001240s ]
SQL: SHOW COLUMNS FROM `data` [ RunTime:0.0047s ]
SQL: SELECT * FROM `data` WHERE ( api_id=1 ) ORDER BY timestamp desc LIMIT 20   [ RunTime:0.0011s ]
SQL: SHOW COLUMNS FROM `api` [ RunTime:0.0041s ]
SQL: UPDATE `api` SET `triggercount`=triggercount+1 WHERE ( api_id = 1 ) [ RunTime:0.0695s ]
NOTIC: [8] Undefined index: timestamp G:\Git\Mirai\Application\Home\Model\DataModel.class.php 第 29 行.
SQL: SELECT * FROM `api` WHERE ( api_id = 1 ) LIMIT 1   [ RunTime:0.0004s ]
NOTIC: [2] Missing argument 2 for MiraiReturn(), called in G:\Git\Mirai\Application\Home\Controller\Example\WenzhouThreeHourController.class.php on line 9 and defined G:\Git\Mirai\Application\Home\Common\function.php 第 6 行.

[ 2015-08-01T16:43:45+08:00 ] ::1 /Mirai/Example/WenzhouThreeHour
INFO: [ app_init ] --START--
INFO: Run Behavior\BuildLiteBehavior [ RunTime:0.000018s ]
INFO: [ app_init ] --END-- [ RunTime:0.000612s ]
INFO: [ app_begin ] --START--
INFO: Run Behavior\ReadHtmlCacheBehavior [ RunTime:0.000925s ]
INFO: [ app_begin ] --END-- [ RunTime:0.000996s ]
SQL: SHOW COLUMNS FROM `data` [ RunTime:0.0040s ]
SQL: SELECT * FROM `data` WHERE ( api_id=1 ) ORDER BY timestamp desc LIMIT 20   [ RunTime:0.0008s ]
SQL: SHOW COLUMNS FROM `api` [ RunTime:0.0040s ]
SQL: UPDATE `api` SET `triggercount`=triggercount+1 WHERE ( api_id = 1 ) [ RunTime:0.0608s ]
NOTIC: [8] Undefined index: timestamp G:\Git\Mirai\Application\Home\Model\DataModel.class.php 第 29 行.
NOTIC: [8] Undefined index: timestamp G:\Git\Mirai\Application\Home\Model\DataModel.class.php 第 30 行.
SQL: SELECT * FROM `api` WHERE ( api_id = 1 ) LIMIT 1   [ RunTime:0.0003s ]
NOTIC: [2] Missing argument 2 for MiraiReturn(), called in G:\Git\Mirai\Application\Home\Controller\Example\WenzhouThreeHourController.class.php on line 9 and defined G:\Git\Mirai\Application\Home\Common\function.php 第 6 行.

[ 2015-08-01T16:44:41+08:00 ] ::1 /Mirai/Example/WenzhouThreeHour
INFO: [ app_init ] --START--
INFO: Run Behavior\BuildLiteBehavior [ RunTime:0.000017s ]
INFO: [ app_init ] --END-- [ RunTime:0.000628s ]
INFO: [ app_begin ] --START--
INFO: Run Behavior\ReadHtmlCacheBehavior [ RunTime:0.001029s ]
INFO: [ app_begin ] --END-- [ RunTime:0.001107s ]
SQL: SHOW COLUMNS FROM `data` [ RunTime:0.0049s ]
SQL: SELECT * FROM `data` WHERE ( api_id=1 ) ORDER BY timestamp desc LIMIT 20   [ RunTime:0.0009s ]
SQL: SHOW COLUMNS FROM `api` [ RunTime:0.0037s ]
SQL: UPDATE `api` SET `triggercount`=triggercount+1 WHERE ( api_id = 1 ) [ RunTime:0.0685s ]
SQL: SELECT * FROM `api` WHERE ( api_id = 1 ) LIMIT 1   [ RunTime:0.0004s ]
NOTIC: [2] Missing argument 2 for MiraiReturn(), called in G:\Git\Mirai\Application\Home\Controller\Example\WenzhouThreeHourController.class.php on line 9 and defined G:\Git\Mirai\Application\Home\Common\function.php 第 6 行.

[ 2015-08-01T16:44:51+08:00 ] ::1 /Mirai/Example/WenzhouThreeHour
INFO: [ app_init ] --START--
INFO: Run Behavior\BuildLiteBehavior [ RunTime:0.000017s ]
INFO: [ app_init ] --END-- [ RunTime:0.000505s ]
INFO: [ app_begin ] --START--
INFO: Run Behavior\ReadHtmlCacheBehavior [ RunTime:0.000943s ]
INFO: [ app_begin ] --END-- [ RunTime:0.001015s ]
SQL: SHOW COLUMNS FROM `data` [ RunTime:0.0062s ]
SQL: SELECT * FROM `data` WHERE ( api_id=1 ) ORDER BY timestamp desc LIMIT 20   [ RunTime:0.0011s ]
SQL: SHOW COLUMNS FROM `api` [ RunTime:0.0045s ]
SQL: UPDATE `api` SET `triggercount`=triggercount+1 WHERE ( api_id = 1 ) [ RunTime:0.0750s ]
SQL: SELECT * FROM `api` WHERE ( api_id = 1 ) LIMIT 1   [ RunTime:0.0004s ]
SQL: SHOW COLUMNS FROM `job` [ RunTime:0.0040s ]
SQL: INSERT INTO `job` (`api_id`,`params`) VALUES ('000000001','{}') [ RunTime:0.0818s ]
NOTIC: [2] Missing argument 2 for MiraiReturn(), called in G:\Git\Mirai\Application\Home\Controller\Example\WenzhouThreeHourController.class.php on line 9 and defined G:\Git\Mirai\Application\Home\Common\function.php 第 6 行.

[ 2015-08-01T16:45:33+08:00 ] ::1 /Mirai/Example/WenzhouThreeHour
INFO: [ app_init ] --START--
INFO: Run Behavior\BuildLiteBehavior [ RunTime:0.000024s ]
INFO: [ app_init ] --END-- [ RunTime:0.000534s ]
INFO: [ app_begin ] --START--
INFO: Run Behavior\ReadHtmlCacheBehavior [ RunTime:0.000967s ]
INFO: [ app_begin ] --END-- [ RunTime:0.001043s ]
SQL: SHOW COLUMNS FROM `data` [ RunTime:0.0063s ]
SQL: SELECT * FROM `data` WHERE ( api_id=1 ) ORDER BY timestamp desc LIMIT 20   [ RunTime:0.0008s ]
SQL: SHOW COLUMNS FROM `api` [ RunTime:0.0049s ]
SQL: UPDATE `api` SET `triggercount`=triggercount+1 WHERE ( api_id = 1 ) [ RunTime:0.0686s ]
SQL: SELECT * FROM `api` WHERE ( api_id = 1 ) LIMIT 1   [ RunTime:0.0004s ]
SQL: SHOW COLUMNS FROM `job` [ RunTime:0.0065s ]
SQL: INSERT INTO `job` (`api_id`,`params`) VALUES ('000000001','{}') [ RunTime:0.0695s ]
NOTIC: [2] Missing argument 2 for MiraiReturn(), called in G:\Git\Mirai\Application\Home\Controller\Example\WenzhouThreeHourController.class.php on line 9 and defined G:\Git\Mirai\Application\Home\Common\function.php 第 6 行.

[ 2015-08-01T16:45:46+08:00 ] ::1 /Mirai/Example/WenzhouThreeHour
INFO: [ app_init ] --START--
INFO: Run Behavior\BuildLiteBehavior [ RunTime:0.000017s ]
INFO: [ app_init ] --END-- [ RunTime:0.000599s ]
INFO: [ app_begin ] --START--
INFO: Run Behavior\ReadHtmlCacheBehavior [ RunTime:0.001041s ]
INFO: [ app_begin ] --END-- [ RunTime:0.001109s ]
SQL: SHOW COLUMNS FROM `data` [ RunTime:0.0041s ]
SQL: SELECT * FROM `data` WHERE ( api_id=1 ) ORDER BY timestamp desc LIMIT 20   [ RunTime:0.0009s ]
SQL: SHOW COLUMNS FROM `api` [ RunTime:0.0048s ]
SQL: UPDATE `api` SET `triggercount`=triggercount+1 WHERE ( api_id = 1 ) [ RunTime:0.0580s ]
SQL: SELECT * FROM `api` WHERE ( api_id = 1 ) LIMIT 1   [ RunTime:0.0004s ]
NOTIC: [2] Missing argument 2 for MiraiReturn(), called in G:\Git\Mirai\Application\Home\Controller\Example\WenzhouThreeHourController.class.php on line 9 and defined G:\Git\Mirai\Application\Home\Common\function.php 第 6 行.

[ 2015-08-01T16:48:18+08:00 ] ::1 /Mirai/Example/WenzhouThreeHour
INFO: [ app_init ] --START--
INFO: Run Behavior\BuildLiteBehavior [ RunTime:0.000017s ]
INFO: [ app_init ] --END-- [ RunTime:0.000508s ]
INFO: [ app_begin ] --START--
INFO: Run Behavior\ReadHtmlCacheBehavior [ RunTime:0.001048s ]
INFO: [ app_begin ] --END-- [ RunTime:0.001122s ]
SQL: SHOW COLUMNS FROM `data` [ RunTime:0.0041s ]
SQL: SELECT * FROM `data` WHERE ( api_id=1 ) ORDER BY timestamp desc LIMIT 20   [ RunTime:0.0008s ]
SQL: SHOW COLUMNS FROM `api` [ RunTime:0.0057s ]
SQL: UPDATE `api` SET `triggercount`=triggercount+1 WHERE ( api_id = 1 ) [ RunTime:0.0805s ]
SQL: SELECT * FROM `api` WHERE ( api_id = 1 ) LIMIT 1   [ RunTime:0.0003s ]
SQL: SHOW COLUMNS FROM `job` [ RunTime:0.0047s ]
ERR: SQLSTATE[42000]: Syntax error or access violation: 1064 You have an error in your SQL syntax; check the manual that corresponds to your MySQL server version for the right syntax to use near '} ) LIMIT 1' at line 1

[ 2015-08-01T16:49:04+08:00 ] ::1 /Mirai/Example/WenzhouThreeHour
INFO: [ app_init ] --START--
INFO: Run Behavior\BuildLiteBehavior [ RunTime:0.000015s ]
INFO: [ app_init ] --END-- [ RunTime:0.000504s ]
INFO: [ app_begin ] --START--
INFO: Run Behavior\ReadHtmlCacheBehavior [ RunTime:0.000940s ]
INFO: [ app_begin ] --END-- [ RunTime:0.001003s ]
SQL: SHOW COLUMNS FROM `data` [ RunTime:0.0047s ]
SQL: SELECT * FROM `data` WHERE ( api_id=1 ) ORDER BY timestamp desc LIMIT 20   [ RunTime:0.0009s ]
SQL: SHOW COLUMNS FROM `api` [ RunTime:0.0048s ]
SQL: UPDATE `api` SET `triggercount`=triggercount+1 WHERE ( api_id = 1 ) [ RunTime:0.0829s ]
SQL: SELECT * FROM `api` WHERE ( api_id = 1 ) LIMIT 1   [ RunTime:0.0003s ]
SQL: SHOW COLUMNS FROM `job` [ RunTime:0.0050s ]
ERR: SQLSTATE[42000]: Syntax error or access violation: 1064 You have an error in your SQL syntax; check the manual that corresponds to your MySQL server version for the right syntax to use near '} ) LIMIT 1' at line 1

[ 2015-08-01T16:49:38+08:00 ] ::1 /Mirai/Example/WenzhouThreeHour
INFO: [ app_init ] --START--
INFO: Run Behavior\BuildLiteBehavior [ RunTime:0.000015s ]
INFO: [ app_init ] --END-- [ RunTime:0.000456s ]
INFO: [ app_begin ] --START--
INFO: Run Behavior\ReadHtmlCacheBehavior [ RunTime:0.000886s ]
INFO: [ app_begin ] --END-- [ RunTime:0.000952s ]
SQL: SHOW COLUMNS FROM `data` [ RunTime:0.0052s ]
SQL: SELECT * FROM `data` WHERE ( api_id=1 ) ORDER BY timestamp desc LIMIT 20   [ RunTime:0.0013s ]
SQL: SHOW COLUMNS FROM `api` [ RunTime:0.0040s ]
SQL: UPDATE `api` SET `triggercount`=triggercount+1 WHERE ( api_id = 1 ) [ RunTime:0.0858s ]
SQL: SELECT * FROM `api` WHERE ( api_id = 1 ) LIMIT 1   [ RunTime:0.0010s ]
SQL: SHOW COLUMNS FROM `job` [ RunTime:0.0044s ]
NOTIC: [8] Object of class Home\Model\JobModel could not be converted to int G:\Git\Mirai\Application\Home\Model\JobModel.class.php 第 9 行.
NOTIC: [2] Missing argument 2 for MiraiReturn(), called in G:\Git\Mirai\Application\Home\Controller\Example\WenzhouThreeHourController.class.php on line 9 and defined G:\Git\Mirai\Application\Home\Common\function.php 第 6 行.

[ 2015-08-01T16:49:48+08:00 ] ::1 /Mirai/Example/WenzhouThreeHour
INFO: [ app_init ] --START--
INFO: Run Behavior\BuildLiteBehavior [ RunTime:0.000019s ]
INFO: [ app_init ] --END-- [ RunTime:0.000567s ]
INFO: [ app_begin ] --START--
INFO: Run Behavior\ReadHtmlCacheBehavior [ RunTime:0.001015s ]
INFO: [ app_begin ] --END-- [ RunTime:0.001116s ]
SQL: SHOW COLUMNS FROM `data` [ RunTime:0.0048s ]
SQL: SELECT * FROM `data` WHERE ( api_id=1 ) ORDER BY timestamp desc LIMIT 20   [ RunTime:0.0009s ]
SQL: SHOW COLUMNS FROM `api` [ RunTime:0.0045s ]
SQL: UPDATE `api` SET `triggercount`=triggercount+1 WHERE ( api_id = 1 ) [ RunTime:0.0824s ]
SQL: SELECT * FROM `api` WHERE ( api_id = 1 ) LIMIT 1   [ RunTime:0.0004s ]
SQL: SHOW COLUMNS FROM `job` [ RunTime:0.0050s ]
NOTIC: [2] Missing argument 2 for MiraiReturn(), called in G:\Git\Mirai\Application\Home\Controller\Example\WenzhouThreeHourController.class.php on line 9 and defined G:\Git\Mirai\Application\Home\Common\function.php 第 6 行.

[ 2015-08-01T16:49:53+08:00 ] ::1 /Mirai/Example/WenzhouThreeHour
INFO: [ app_init ] --START--
INFO: Run Behavior\BuildLiteBehavior [ RunTime:0.000021s ]
INFO: [ app_init ] --END-- [ RunTime:0.000670s ]
INFO: [ app_begin ] --START--
INFO: Run Behavior\ReadHtmlCacheBehavior [ RunTime:0.001219s ]
INFO: [ app_begin ] --END-- [ RunTime:0.001309s ]
SQL: SHOW COLUMNS FROM `data` [ RunTime:0.0045s ]
SQL: SELECT * FROM `data` WHERE ( api_id=1 ) ORDER BY timestamp desc LIMIT 20   [ RunTime:0.0009s ]
SQL: SHOW COLUMNS FROM `api` [ RunTime:0.0047s ]
SQL: UPDATE `api` SET `triggercount`=triggercount+1 WHERE ( api_id = 1 ) [ RunTime:0.0927s ]
SQL: SELECT * FROM `api` WHERE ( api_id = 1 ) LIMIT 1   [ RunTime:0.0003s ]
SQL: SHOW COLUMNS FROM `job` [ RunTime:0.0059s ]
NOTIC: [2] Missing argument 2 for MiraiReturn(), called in G:\Git\Mirai\Application\Home\Controller\Example\WenzhouThreeHourController.class.php on line 9 and defined G:\Git\Mirai\Application\Home\Common\function.php 第 6 行.

[ 2015-08-01T16:50:02+08:00 ] ::1 /Mirai/Example/WenzhouThreeHour
INFO: [ app_init ] --START--
INFO: Run Behavior\BuildLiteBehavior [ RunTime:0.000017s ]
INFO: [ app_init ] --END-- [ RunTime:0.000555s ]
INFO: [ app_begin ] --START--
INFO: Run Behavior\ReadHtmlCacheBehavior [ RunTime:0.000989s ]
INFO: [ app_begin ] --END-- [ RunTime:0.001073s ]
SQL: SHOW COLUMNS FROM `data` [ RunTime:0.0048s ]
SQL: SELECT * FROM `data` WHERE ( api_id=1 ) ORDER BY timestamp desc LIMIT 20   [ RunTime:0.0010s ]
SQL: SHOW COLUMNS FROM `api` [ RunTime:0.0057s ]
SQL: UPDATE `api` SET `triggercount`=triggercount+1 WHERE ( api_id = 1 ) [ RunTime:0.0911s ]
SQL: SELECT * FROM `api` WHERE ( api_id = 1 ) LIMIT 1   [ RunTime:0.0004s ]
SQL: SHOW COLUMNS FROM `job` [ RunTime:0.0048s ]
NOTIC: [2] Missing argument 2 for MiraiReturn(), called in G:\Git\Mirai\Application\Home\Controller\Example\WenzhouThreeHourController.class.php on line 9 and defined G:\Git\Mirai\Application\Home\Common\function.php 第 6 行.

[ 2015-08-01T16:50:08+08:00 ] ::1 /Mirai/Example/WenzhouThreeHour
INFO: [ app_init ] --START--
INFO: Run Behavior\BuildLiteBehavior [ RunTime:0.000016s ]
INFO: [ app_init ] --END-- [ RunTime:0.000566s ]
INFO: [ app_begin ] --START--
INFO: Run Behavior\ReadHtmlCacheBehavior [ RunTime:0.000880s ]
INFO: [ app_begin ] --END-- [ RunTime:0.000946s ]
SQL: SHOW COLUMNS FROM `data` [ RunTime:0.0040s ]
SQL: SELECT * FROM `data` WHERE ( api_id=1 ) ORDER BY timestamp desc LIMIT 20   [ RunTime:0.0010s ]
SQL: SHOW COLUMNS FROM `api` [ RunTime:0.0044s ]
SQL: UPDATE `api` SET `triggercount`=triggercount+1 WHERE ( api_id = 1 ) [ RunTime:0.0692s ]
SQL: SELECT * FROM `api` WHERE ( api_id = 1 ) LIMIT 1   [ RunTime:0.0018s ]
SQL: SHOW COLUMNS FROM `job` [ RunTime:0.0048s ]
NOTIC: [2] Missing argument 2 for MiraiReturn(), called in G:\Git\Mirai\Application\Home\Controller\Example\WenzhouThreeHourController.class.php on line 9 and defined G:\Git\Mirai\Application\Home\Common\function.php 第 6 行.

[ 2015-08-01T16:50:24+08:00 ] ::1 /Mirai/Example/WenzhouThreeHour
INFO: [ app_init ] --START--
INFO: Run Behavior\BuildLiteBehavior [ RunTime:0.000019s ]
INFO: [ app_init ] --END-- [ RunTime:0.000731s ]
INFO: [ app_begin ] --START--
INFO: Run Behavior\ReadHtmlCacheBehavior [ RunTime:0.000913s ]
INFO: [ app_begin ] --END-- [ RunTime:0.000977s ]
SQL: SHOW COLUMNS FROM `data` [ RunTime:0.0047s ]
SQL: SELECT * FROM `data` WHERE ( api_id=1 ) ORDER BY timestamp desc LIMIT 20   [ RunTime:0.0008s ]
SQL: SHOW COLUMNS FROM `api` [ RunTime:0.0054s ]
SQL: UPDATE `api` SET `triggercount`=triggercount+1 WHERE ( api_id = 1 ) [ RunTime:0.1019s ]
SQL: SELECT * FROM `api` WHERE ( api_id = 1 ) LIMIT 1   [ RunTime:0.0003s ]
SQL: SHOW COLUMNS FROM `job` [ RunTime:0.0073s ]
NOTIC: [2] Missing argument 2 for MiraiReturn(), called in G:\Git\Mirai\Application\Home\Controller\Example\WenzhouThreeHourController.class.php on line 9 and defined G:\Git\Mirai\Application\Home\Common\function.php 第 6 行.

[ 2015-08-01T16:50:51+08:00 ] ::1 /Mirai/Example/WenzhouThreeHour
INFO: [ app_init ] --START--
INFO: Run Behavior\BuildLiteBehavior [ RunTime:0.000017s ]
INFO: [ app_init ] --END-- [ RunTime:0.000529s ]
INFO: [ app_begin ] --START--
INFO: Run Behavior\ReadHtmlCacheBehavior [ RunTime:0.000923s ]
INFO: [ app_begin ] --END-- [ RunTime:0.000990s ]
SQL: SHOW COLUMNS FROM `data` [ RunTime:0.0041s ]
SQL: SELECT * FROM `data` WHERE ( api_id=1 ) ORDER BY timestamp desc LIMIT 20   [ RunTime:0.0011s ]
SQL: SHOW COLUMNS FROM `api` [ RunTime:0.0050s ]
SQL: UPDATE `api` SET `triggercount`=triggercount+1 WHERE ( api_id = 1 ) [ RunTime:0.0652s ]
SQL: SELECT * FROM `api` WHERE ( api_id = 1 ) LIMIT 1   [ RunTime:0.0004s ]
SQL: SHOW COLUMNS FROM `job` [ RunTime:0.0040s ]
NOTIC: [2] Missing argument 2 for MiraiReturn(), called in G:\Git\Mirai\Application\Home\Controller\Example\WenzhouThreeHourController.class.php on line 9 and defined G:\Git\Mirai\Application\Home\Common\function.php 第 6 行.
NOTIC: [2] Cannot modify header information - headers already sent by (output started at G:\Git\Mirai\ThinkPHP\Common\functions.php:850) G:\Git\Mirai\ThinkPHP\Library\Think\Controller.class.php 第 215 行.

[ 2015-08-01T16:51:17+08:00 ] ::1 /Mirai/Example/WenzhouThreeHour
INFO: [ app_init ] --START--
INFO: Run Behavior\BuildLiteBehavior [ RunTime:0.000015s ]
INFO: [ app_init ] --END-- [ RunTime:0.000468s ]
INFO: [ app_begin ] --START--
INFO: Run Behavior\ReadHtmlCacheBehavior [ RunTime:0.000876s ]
INFO: [ app_begin ] --END-- [ RunTime:0.000935s ]
SQL: SHOW COLUMNS FROM `data` [ RunTime:0.0045s ]
SQL: SELECT * FROM `data` WHERE ( api_id=1 ) ORDER BY timestamp desc LIMIT 20   [ RunTime:0.0015s ]
SQL: SHOW COLUMNS FROM `api` [ RunTime:0.0039s ]
SQL: UPDATE `api` SET `triggercount`=triggercount+1 WHERE ( api_id = 1 ) [ RunTime:0.0865s ]
SQL: SELECT * FROM `api` WHERE ( api_id = 1 ) LIMIT 1   [ RunTime:0.0009s ]
SQL: SHOW COLUMNS FROM `job` [ RunTime:0.0044s ]
ERR: SQLSTATE[42000]: Syntax error or access violation: 1064 You have an error in your SQL syntax; check the manual that corresponds to your MySQL server version for the right syntax to use near '} ) LIMIT 1' at line 1

[ 2015-08-01T16:51:25+08:00 ] ::1 /Mirai/Example/WenzhouThreeHour
INFO: [ app_init ] --START--
INFO: Run Behavior\BuildLiteBehavior [ RunTime:0.000020s ]
INFO: [ app_init ] --END-- [ RunTime:0.000704s ]
INFO: [ app_begin ] --START--
INFO: Run Behavior\ReadHtmlCacheBehavior [ RunTime:0.000925s ]
INFO: [ app_begin ] --END-- [ RunTime:0.000988s ]
SQL: SHOW COLUMNS FROM `data` [ RunTime:0.0045s ]
SQL: SELECT * FROM `data` WHERE ( api_id=1 ) ORDER BY timestamp desc LIMIT 20   [ RunTime:0.0008s ]
SQL: SHOW COLUMNS FROM `api` [ RunTime:0.0042s ]
SQL: UPDATE `api` SET `triggercount`=triggercount+1 WHERE ( api_id = 1 ) [ RunTime:0.0871s ]
SQL: SELECT * FROM `api` WHERE ( api_id = 1 ) LIMIT 1   [ RunTime:0.0005s ]
SQL: SHOW COLUMNS FROM `job` [ RunTime:0.0040s ]
ERR: SQLSTATE[42000]: Syntax error or access violation: 1064 You have an error in your SQL syntax; check the manual that corresponds to your MySQL server version for the right syntax to use near '} )' at line 1

[ 2015-08-01T16:51:40+08:00 ] ::1 /Mirai/Example/WenzhouThreeHour
INFO: [ app_init ] --START--
INFO: Run Behavior\BuildLiteBehavior [ RunTime:0.000018s ]
INFO: [ app_init ] --END-- [ RunTime:0.000619s ]
INFO: [ app_begin ] --START--
INFO: Run Behavior\ReadHtmlCacheBehavior [ RunTime:0.001028s ]
INFO: [ app_begin ] --END-- [ RunTime:0.001103s ]
SQL: SHOW COLUMNS FROM `data` [ RunTime:0.0057s ]
SQL: SELECT * FROM `data` WHERE ( api_id=1 ) ORDER BY timestamp desc LIMIT 20   [ RunTime:0.0014s ]
SQL: SHOW COLUMNS FROM `api` [ RunTime:0.0049s ]
SQL: UPDATE `api` SET `triggercount`=triggercount+1 WHERE ( api_id = 1 ) [ RunTime:0.0779s ]
SQL: SELECT * FROM `api` WHERE ( api_id = 1 ) LIMIT 1   [ RunTime:0.0003s ]
SQL: SHOW COLUMNS FROM `job` [ RunTime:0.0071s ]
SQL: SELECT * FROM `job` WHERE ( api_id = 1 AND params = 0 )  [ RunTime:0.0007s ]
SQL: INSERT INTO `job` (`api_id`,`params`) VALUES ('000000001','{}') [ RunTime:0.0678s ]
NOTIC: [2] Missing argument 2 for MiraiReturn(), called in G:\Git\Mirai\Application\Home\Controller\Example\WenzhouThreeHourController.class.php on line 9 and defined G:\Git\Mirai\Application\Home\Common\function.php 第 6 行.

[ 2015-08-01T16:51:53+08:00 ] ::1 /Mirai/Example/WenzhouThreeHour
INFO: [ app_init ] --START--
INFO: Run Behavior\BuildLiteBehavior [ RunTime:0.000017s ]
INFO: [ app_init ] --END-- [ RunTime:0.000692s ]
INFO: [ app_begin ] --START--
INFO: Run Behavior\ReadHtmlCacheBehavior [ RunTime:0.000988s ]
INFO: [ app_begin ] --END-- [ RunTime:0.001064s ]
SQL: SHOW COLUMNS FROM `data` [ RunTime:0.0049s ]
SQL: SELECT * FROM `data` WHERE ( api_id=1 ) ORDER BY timestamp desc LIMIT 20   [ RunTime:0.0008s ]
SQL: SHOW COLUMNS FROM `api` [ RunTime:0.0044s ]
SQL: UPDATE `api` SET `triggercount`=triggercount+1 WHERE ( api_id = 1 ) [ RunTime:0.1104s ]
SQL: SELECT * FROM `api` WHERE ( api_id = 1 ) LIMIT 1   [ RunTime:0.0004s ]
SQL: SHOW COLUMNS FROM `job` [ RunTime:0.0041s ]
SQL: SELECT * FROM `job` WHERE ( api_id = 1 AND params = 0 )  [ RunTime:0.0005s ]
NOTIC: [2] Missing argument 2 for MiraiReturn(), called in G:\Git\Mirai\Application\Home\Controller\Example\WenzhouThreeHourController.class.php on line 9 and defined G:\Git\Mirai\Application\Home\Common\function.php 第 6 行.

[ 2015-08-01T16:52:34+08:00 ] ::1 /Mirai/Example/WenzhouThreeHour
INFO: [ app_init ] --START--
INFO: Run Behavior\BuildLiteBehavior [ RunTime:0.000017s ]
INFO: [ app_init ] --END-- [ RunTime:0.000522s ]
INFO: [ app_begin ] --START--
INFO: Run Behavior\ReadHtmlCacheBehavior [ RunTime:0.000983s ]
INFO: [ app_begin ] --END-- [ RunTime:0.001054s ]
SQL: SHOW COLUMNS FROM `data` [ RunTime:0.0042s ]
SQL: SELECT * FROM `data` WHERE ( api_id=1 ) ORDER BY timestamp desc LIMIT 20   [ RunTime:0.0009s ]
SQL: SHOW COLUMNS FROM `api` [ RunTime:0.0044s ]
SQL: UPDATE `api` SET `triggercount`=triggercount+1 WHERE ( api_id = 1 ) [ RunTime:0.0691s ]
SQL: SELECT * FROM `api` WHERE ( api_id = 1 ) LIMIT 1   [ RunTime:0.0003s ]
SQL: SHOW COLUMNS FROM `job` [ RunTime:0.0042s ]
SQL: SELECT * FROM `job` WHERE ( api_id = 1 AND params = 0 )  [ RunTime:0.0003s ]
NOTIC: [2] Missing argument 2 for MiraiReturn(), called in G:\Git\Mirai\Application\Home\Controller\Example\WenzhouThreeHourController.class.php on line 11 and defined G:\Git\Mirai\Application\Home\Common\function.php 第 6 行.

